06-16-2016 @ 19:40:27 - Queuing 2.6.0 - wc_update_260_options
06-16-2016 @ 19:40:27 - Queuing 2.6.0 - wc_update_260_termmeta
06-16-2016 @ 19:40:27 - Queuing 2.6.0 - wc_update_260_zones
06-16-2016 @ 19:40:27 - Queuing 2.6.0 - wc_update_260_zone_methods
06-16-2016 @ 19:40:27 - Queuing 2.6.0 - wc_update_260_refunds
06-16-2016 @ 19:40:27 - Queuing 2.6.0 - wc_update_260_db_version
06-16-2016 @ 19:40:28 - Unable to dispatch WooCommerce updater: Operation timed out after 1014 milliseconds with 0 bytes received
06-16-2016 @ 19:40:32 - Running wc_update_260_options callback
06-16-2016 @ 19:40:32 - Finished wc_update_260_options callback
06-16-2016 @ 19:40:32 - Running wc_update_260_termmeta callback
06-16-2016 @ 19:40:32 - Finished wc_update_260_termmeta callback
06-16-2016 @ 19:40:32 - Running wc_update_260_zones callback
06-16-2016 @ 19:40:32 - Finished wc_update_260_zones callback
06-16-2016 @ 19:40:32 - Running wc_update_260_zone_methods callback
06-16-2016 @ 19:40:32 - Finished wc_update_260_zone_methods callback
06-16-2016 @ 19:40:32 - Running wc_update_260_refunds callback
06-16-2016 @ 19:40:32 - Finished wc_update_260_refunds callback
06-16-2016 @ 19:40:32 - Running wc_update_260_db_version callback
06-16-2016 @ 19:40:32 - Finished wc_update_260_db_version callback
06-16-2016 @ 19:40:32 - Data update complete
